<?xml version="1.0" encoding="UTF-8"?>
<testng-results ignored="0" total="1" passed="1" failed="0" skipped="0">
  <reporter-output>
  </reporter-output>
  <suite started-at="2024-02-11T18:34:43 IST" name="Default suite" finished-at="2024-02-11T18:35:36 IST" duration-ms="53684">
    <groups>
    </groups>
    <test started-at="2024-02-11T18:34:43 IST" name="Default test" finished-at="2024-02-11T18:35:36 IST" duration-ms="53684">
      <class name="org.testing.Testscripts.TC4">
        <test-method is-config="true" signature="init()[pri:0, instance:org.testing.Testscripts.TC4@130161f7]" started-at="2024-02-11T18:34:43 IST" name="init" finished-at="2024-02-11T18:34:56 IST" duration-ms="13794" status="PASS">
          <reporter-output>
          </reporter-output>
        </test-method> <!-- init -->
        <test-method signature="LoginVideoplay_like()[pri:0, instance:org.testing.Testscripts.TC4@130161f7]" started-at="2024-02-11T18:34:56 IST" name="LoginVideoplay_like" finished-at="2024-02-11T18:35:33 IST" duration-ms="36186" status="PASS">
          <reporter-output>
          </reporter-output>
        </test-method> <!-- LoginVideoplay_like -->
        <test-method is-config="true" signature="closebrowser()[pri:0, instance:org.testing.Testscripts.TC4@130161f7]" started-at="2024-02-11T18:35:33 IST" name="closebrowser" finished-at="2024-02-11T18:35:36 IST" duration-ms="3605" status="PASS">
          <reporter-output>
          </reporter-output>
        </test-method> <!-- closebrowser -->
      </class> <!-- org.testing.Testscripts.TC4 -->
    </test> <!-- Default test -->
  </suite> <!-- Default suite -->
</testng-results>
