<?xml version="1.0" encoding="UTF-8"?>
<!-- Generated by org.testng.reporters.JUnitXMLReporter -->
<testsuite ignored="0" hostname="LAPTOP-84OTAVJL" failures="0" tests="7" name="Test" time="453.126" errors="0" timestamp="2024-02-05T22:49:12 IST">
  <testcase classname="org.testing.Testscripts.TC1" name="LoginTrendingclick" time="33.757"/>
  <testcase classname="org.testing.Testscripts.TC2" name="LoginHistoryclick" time="32.628"/>
  <testcase classname="org.testing.Testscripts.TC3" name="LoginSubscriptionsclick" time="42.521"/>
  <testcase classname="org.testing.Testscripts.TC4" name="LoginVideoplay_like" time="45.44"/>
  <testcase classname="org.testing.Testscripts.TC5" name="LoginVideoplay_ChannelSubs" time="42.054"/>
  <testcase classname="org.testing.Testscripts.TC6" name="LoginVideoplay_CommentOnVideo" time="58.023"/>
  <testcase classname="org.testing.Testscripts.TC7" name="LoginVideoplay_ClickOnwatchLater" time="32.578"/>
</testsuite> <!-- Test -->
