<?xml version="1.0" encoding="UTF-8"?>
<testng-results ignored="0" total="2" passed="2" failed="0" skipped="0">
  <reporter-output>
  </reporter-output>
  <suite started-at="2023-08-26T16:28:49 IST" name="Suite" finished-at="2023-08-26T16:28:49 IST" duration-ms="114">
    <groups>
    </groups>
    <test started-at="2023-08-26T16:28:49 IST" name="Test" finished-at="2023-08-26T16:28:49 IST" duration-ms="114">
      <class name="Dec_11.Testng2">
        <test-method signature="m1()[pri:0, instance:Dec_11.Testng2@3911c2a7]" started-at="2023-08-26T16:28:49 IST" name="m1" finished-at="2023-08-26T16:28:49 IST" duration-ms="8" status="PASS">
          <reporter-output>
          </reporter-output>
        </test-method> <!-- m1 -->
      </class> <!-- Dec_11.Testng2 -->
      <class name="Dec_11.Testng1">
        <test-method signature="m2()[pri:0, instance:Dec_11.Testng1@7a69b07]" started-at="2023-08-26T16:28:49 IST" name="m2" finished-at="2023-08-26T16:28:49 IST" duration-ms="25" status="PASS">
          <reporter-output>
          </reporter-output>
        </test-method> <!-- m2 -->
      </class> <!-- Dec_11.Testng1 -->
    </test> <!-- Test -->
  </suite> <!-- Suite -->
</testng-results>
